# JRE version: OpenJDK Runtime Environment (11.0.11+9) (build 11.0.11+9-b60-7590822)
# Java VM: OpenJDK 64-Bit Server VM (11.0.11+9-b60-7590822, mixed mode, tiered, compressed oops, g1 gc, windows-amd64)
Heap:
 garbage-first heap   total 558080K, used 159437K [0x0000000080000000, 0x0000000100000000)
  region size 1024K, 11 young (11264K), 11 survivors (11264K)
 Metaspace       used 104208K, capacity 106922K, committed 107980K, reserved 1142784K
  class space    used 13460K, capacity 14505K, committed 15052K, reserved 1048576K
GC Heap History (20 events):
Event: 52.417 GC heap after
{Heap after GC invocations=51 (full 0):
 garbage-first heap   total 270336K, used 134953K [0x0000000080000000, 0x0000000100000000)
  region size 1024K, 5 young (5120K), 5 survivors (5120K)
 Metaspace       used 102909K, capacity 105601K, committed 106700K, reserved 1140736K
  class space    used 13440K, capacity 14489K, committed 15052K, reserved 1048576K
}
Event: 52.652 GC heap before
{Heap before GC invocations=51 (full 0):
 garbage-first heap   total 270336K, used 216873K [0x0000000080000000, 0x0000000100000000)
  region size 1024K, 85 young (87040K), 5 survivors (5120K)
 Metaspace       used 103113K, capacity 105803K, committed 106956K, reserved 1140736K
  class space    used 13440K, capacity 14489K, committed 15052K, reserved 1048576K
}
Event: 52.659 GC heap after
{Heap after GC invocations=52 (full 0):
 garbage-first heap   total 270336K, used 134663K [0x0000000080000000, 0x0000000100000000)
  region size 1024K, 4 young (4096K), 4 survivors (4096K)
 Metaspace       used 103113K, capacity 105803K, committed 106956K, reserved 1140736K
  class space    used 13440K, capacity 14489K, committed 15052K, reserved 1048576K
}
Event: 52.886 GC heap before
{Heap before GC invocations=52 (full 0):
 garbage-first heap   total 270336K, used 218631K [0x0000000080000000, 0x0000000100000000)
  region size 1024K, 86 young (88064K), 4 survivors (4096K)
 Metaspace       used 103348K, capacity 106067K, committed 107212K, reserved 1140736K
  class space    used 13440K, capacity 14489K, committed 15052K, reserved 1048576K
}
Event: 52.895 GC heap after
{Heap after GC invocations=53 (full 0):
 garbage-first heap   total 324608K, used 135275K [0x0000000080000000, 0x0000000100000000)
  region size 1024K, 5 young (5120K), 5 survivors (5120K)
 Metaspace       used 103348K, capacity 106067K, committed 107212K, reserved 1140736K
  class space    used 13440K, capacity 14489K, committed 15052K, reserved 1048576K
}
Event: 54.057 GC heap before
{Heap before GC invocations=53 (full 0):
 garbage-first heap   total 324608K, used 240747K [0x0000000080000000, 0x0000000100000000)
  region size 1024K, 109 young (111616K), 5 survivors (5120K)
 Metaspace       used 103577K, capacity 106227K, committed 107212K, reserved 1140736K
  class space    used 13440K, capacity 14490K, committed 15052K, reserved 1048576K
}
Event: 54.071 GC heap after
{Heap after GC invocations=54 (full 0):
 garbage-first heap   total 324608K, used 136243K [0x0000000080000000, 0x0000000100000000)
  region size 1024K, 6 young (6144K), 6 survivors (6144K)
 Metaspace       used 103577K, capacity 106227K, committed 107212K, reserved 1140736K
  class space    used 13440K, capacity 14490K, committed 15052K, reserved 1048576K
}
Event: 54.843 GC heap before
{Heap before GC invocations=54 (full 0):
 garbage-first heap   total 324608K, used 273459K [0x0000000080000000, 0x0000000100000000)
  region size 1024K, 141 young (144384K), 6 survivors (6144K)
 Metaspace       used 103675K, capacity 106387K, committed 107468K, reserved 1142784K
  class space    used 13448K, capacity 14499K, committed 15052K, reserved 1048576K
}
Event: 54.860 GC heap after
{Heap after GC invocations=55 (full 0):
 garbage-first heap   total 324608K, used 142901K [0x0000000080000000, 0x0000000100000000)
  region size 1024K, 12 young (12288K), 12 survivors (12288K)
 Metaspace       used 103675K, capacity 106387K, committed 107468K, reserved 1142784K
  class space    used 13448K, capacity 14499K, committed 15052K, reserved 1048576K
}
Event: 55.352 GC heap before
{Heap before GC invocations=55 (full 0):
 garbage-first heap   total 324608K, used 269877K [0x0000000080000000, 0x0000000100000000)
  region size 1024K, 136 young (139264K), 12 survivors (12288K)
 Metaspace       used 103716K, capacity 106452K, committed 107468K, reserved 1142784K
  class space    used 13454K, capacity 14499K, committed 15052K, reserved 1048576K
}
Event: 55.381 GC heap after
{Heap after GC invocations=56 (full 0):
 garbage-first heap   total 324608K, used 149516K [0x0000000080000000, 0x0000000100000000)
  region size 1024K, 15 young (15360K), 15 survivors (15360K)
 Metaspace       used 103716K, capacity 106452K, committed 107468K, reserved 1142784K
  class space    used 13454K, capacity 14499K, committed 15052K, reserved 1048576K
}
Event: 55.728 GC heap before
{Heap before GC invocations=56 (full 0):
 garbage-first heap   total 324608K, used 270348K [0x0000000080000000, 0x0000000100000000)
  region size 1024K, 133 young (136192K), 15 survivors (15360K)
 Metaspace       used 103774K, capacity 106517K, committed 107468K, reserved 1142784K
  class space    used 13454K, capacity 14499K, committed 15052K, reserved 1048576K
}
Event: 55.752 GC heap after
{Heap after GC invocations=57 (full 0):
 garbage-first heap   total 416768K, used 150318K [0x0000000080000000, 0x0000000100000000)
  region size 1024K, 9 young (9216K), 9 survivors (9216K)
 Metaspace       used 103774K, capacity 106517K, committed 107468K, reserved 1142784K
  class space    used 13454K, capacity 14499K, committed 15052K, reserved 1048576K
}
Event: 56.179 GC heap before
{Heap before GC invocations=57 (full 0):
 garbage-first heap   total 416768K, used 327470K [0x0000000080000000, 0x0000000100000000)
  region size 1024K, 182 young (186368K), 9 survivors (9216K)
 Metaspace       used 103833K, capacity 106519K, committed 107468K, reserved 1142784K
  class space    used 13454K, capacity 14499K, committed 15052K, reserved 1048576K
}
Event: 56.194 GC heap after
{Heap after GC invocations=58 (full 0):
 garbage-first heap   total 416768K, used 150862K [0x0000000080000000, 0x0000000100000000)
  region size 1024K, 10 young (10240K), 10 survivors (10240K)
 Metaspace       used 103833K, capacity 106519K, committed 107468K, reserved 1142784K
  class space    used 13454K, capacity 14499K, committed 15052K, reserved 1048576K
}
Event: 56.943 GC heap before
{Heap before GC invocations=58 (full 0):
 garbage-first heap   total 416768K, used 340302K [0x0000000080000000, 0x0000000100000000)
  region size 1024K, 195 young (199680K), 10 survivors (10240K)
 Metaspace       used 104095K, capacity 106831K, committed 107724K, reserved 1142784K
  class space    used 13455K, capacity 14500K, committed 15052K, reserved 1048576K
}
Event: 56.974 GC heap after
{Heap after GC invocations=59 (full 0):
 garbage-first heap   total 416768K, used 158013K [0x0000000080000000, 0x0000000100000000)
  region size 1024K, 17 young (17408K), 17 survivors (17408K)
 Metaspace       used 104095K, capacity 106831K, committed 107724K, reserved 1142784K
  class space    used 13455K, capacity 14500K, committed 15052K, reserved 1048576K
}
Event: 57.408 GC heap before
{Heap before GC invocations=59 (full 0):
 garbage-first heap   total 416768K, used 352573K [0x0000000080000000, 0x0000000100000000)
  region size 1024K, 207 young (211968K), 17 survivors (17408K)
 Metaspace       used 104140K, capacity 106843K, committed 107724K, reserved 1142784K
  class space    used 13460K, capacity 14504K, committed 15052K, reserved 1048576K
}
Event: 57.466 GC heap after
{Heap after GC invocations=60 (full 0):
 garbage-first heap   total 416768K, used 159437K [0x0000000080000000, 0x0000000100000000)
  region size 1024K, 11 young (11264K), 11 survivors (11264K)
 Metaspace       used 104140K, capacity 106843K, committed 107724K, reserved 1142784K
  class space    used 13460K, capacity 14504K, committed 15052K, reserved 1048576K
}
Event: 57.945 GC heap before
{Heap before GC invocations=60 (full 0):
 garbage-first heap   total 416768K, used 353997K [0x0000000080000000, 0x0000000100000000)
  region size 1024K, 202 young (206848K), 11 survivors (11264K)
 Metaspace       used 104208K, capacity 106922K, committed 107980K, reserved 1142784K
  class space    used 13460K, capacity 14505K, committed 15052K, reserved 1048576K
}

