# JRE version: OpenJDK Runtime Environment (11.0.11+9) (build 11.0.11+9-b60-7590822)
# Java VM: OpenJDK 64-Bit Server VM (11.0.11+9-b60-7590822, mixed mode, tiered, compressed oops, g1 gc, windows-amd64)
Heap:
 garbage-first heap   total 129024K, used 85785K [0x0000000080000000, 0x0000000100000000)
  region size 1024K, 56 young (57344K), 5 survivors (5120K)
 Metaspace       used 48499K, capacity 49703K, committed 49996K, reserved 1093632K
  class space    used 6190K, capacity 6660K, committed 6732K, reserved 1048576K
GC Heap History (20 events):
Event: 2.213 GC heap before
{Heap before GC invocations=0 (full 0):
 garbage-first heap   total 129024K, used 29696K [0x0000000080000000, 0x0000000100000000)
  region size 1024K, 24 young (24576K), 0 survivors (0K)
 Metaspace       used 9869K, capacity 10114K, committed 10368K, reserved 1058816K
  class space    used 1028K, capacity 1102K, committed 1152K, reserved 1048576K
}
Event: 2.221 GC heap after
{Heap after GC invocations=1 (full 0):
 garbage-first heap   total 129024K, used 9044K [0x0000000080000000, 0x0000000100000000)
  region size 1024K, 3 young (3072K), 3 survivors (3072K)
 Metaspace       used 9869K, capacity 10114K, committed 10368K, reserved 1058816K
  class space    used 1028K, capacity 1102K, committed 1152K, reserved 1048576K
}
Event: 2.948 GC heap before
{Heap before GC invocations=1 (full 0):
 garbage-first heap   total 129024K, used 30548K [0x0000000080000000, 0x0000000100000000)
  region size 1024K, 24 young (24576K), 3 survivors (3072K)
 Metaspace       used 10792K, capacity 11005K, committed 11264K, reserved 1058816K
  class space    used 1130K, capacity 1207K, committed 1280K, reserved 1048576K
}
Event: 2.954 GC heap after
{Heap after GC invocations=2 (full 0):
 garbage-first heap   total 129024K, used 9725K [0x0000000080000000, 0x0000000100000000)
  region size 1024K, 1 young (1024K), 1 survivors (1024K)
 Metaspace       used 10792K, capacity 11005K, committed 11264K, reserved 1058816K
  class space    used 1130K, capacity 1207K, committed 1280K, reserved 1048576K
}
Event: 10.891 GC heap before
{Heap before GC invocations=2 (full 0):
 garbage-first heap   total 129024K, used 62973K [0x0000000080000000, 0x0000000100000000)
  region size 1024K, 53 young (54272K), 1 survivors (1024K)
 Metaspace       used 17659K, capacity 18053K, committed 18176K, reserved 1064960K
  class space    used 2094K, capacity 2218K, committed 2304K, reserved 1048576K
}
Event: 10.902 GC heap after
{Heap after GC invocations=3 (full 0):
 garbage-first heap   total 129024K, used 16020K [0x0000000080000000, 0x0000000100000000)
  region size 1024K, 7 young (7168K), 7 survivors (7168K)
 Metaspace       used 17659K, capacity 18053K, committed 18176K, reserved 1064960K
  class space    used 2094K, capacity 2218K, committed 2304K, reserved 1048576K
}
Event: 15.131 GC heap before
{Heap before GC invocations=3 (full 0):
 garbage-first heap   total 129024K, used 40596K [0x0000000080000000, 0x0000000100000000)
  region size 1024K, 32 young (32768K), 7 survivors (7168K)
 Metaspace       used 20696K, capacity 21075K, committed 21248K, reserved 1067008K
  class space    used 2540K, capacity 2693K, committed 2816K, reserved 1048576K
}
Event: 15.144 GC heap after
{Heap after GC invocations=4 (full 0):
 garbage-first heap   total 129024K, used 16961K [0x0000000080000000, 0x0000000100000000)
  region size 1024K, 1 young (1024K), 1 survivors (1024K)
 Metaspace       used 20696K, capacity 21075K, committed 21248K, reserved 1067008K
  class space    used 2540K, capacity 2693K, committed 2816K, reserved 1048576K
}
Event: 20.202 GC heap before
{Heap before GC invocations=5 (full 0):
 garbage-first heap   total 129024K, used 70209K [0x0000000080000000, 0x0000000100000000)
  region size 1024K, 53 young (54272K), 1 survivors (1024K)
 Metaspace       used 26104K, capacity 26630K, committed 26752K, reserved 1073152K
  class space    used 3410K, capacity 3615K, committed 3712K, reserved 1048576K
}
Event: 20.210 GC heap after
{Heap after GC invocations=6 (full 0):
 garbage-first heap   total 129024K, used 18900K [0x0000000080000000, 0x0000000100000000)
  region size 1024K, 3 young (3072K), 3 survivors (3072K)
 Metaspace       used 26104K, capacity 26630K, committed 26752K, reserved 1073152K
  class space    used 3410K, capacity 3615K, committed 3712K, reserved 1048576K
}
Event: 24.594 GC heap before
{Heap before GC invocations=6 (full 0):
 garbage-first heap   total 129024K, used 75220K [0x0000000080000000, 0x0000000100000000)
  region size 1024K, 58 young (59392K), 3 survivors (3072K)
 Metaspace       used 34455K, capacity 35215K, committed 35328K, reserved 1079296K
  class space    used 4476K, capacity 4799K, committed 4864K, reserved 1048576K
}
Event: 24.605 GC heap after
{Heap after GC invocations=7 (full 0):
 garbage-first heap   total 129024K, used 22066K [0x0000000080000000, 0x0000000100000000)
  region size 1024K, 6 young (6144K), 6 survivors (6144K)
 Metaspace       used 34455K, capacity 35215K, committed 35328K, reserved 1079296K
  class space    used 4476K, capacity 4799K, committed 4864K, reserved 1048576K
}
Event: 24.794 GC heap before
{Heap before GC invocations=7 (full 0):
 garbage-first heap   total 129024K, used 25138K [0x0000000080000000, 0x0000000100000000)
  region size 1024K, 10 young (10240K), 6 survivors (6144K)
 Metaspace       used 34986K, capacity 35786K, committed 35840K, reserved 1081344K
  class space    used 4548K, capacity 4863K, committed 4864K, reserved 1048576K
}
Event: 24.814 GC heap after
{Heap after GC invocations=8 (full 0):
 garbage-first heap   total 129024K, used 22845K [0x0000000080000000, 0x0000000100000000)
  region size 1024K, 4 young (4096K), 4 survivors (4096K)
 Metaspace       used 34986K, capacity 35786K, committed 35840K, reserved 1081344K
  class space    used 4548K, capacity 4863K, committed 4864K, reserved 1048576K
}
Event: 26.556 GC heap before
{Heap before GC invocations=9 (full 0):
 garbage-first heap   total 129024K, used 70973K [0x0000000080000000, 0x0000000100000000)
  region size 1024K, 49 young (50176K), 4 survivors (4096K)
 Metaspace       used 38758K, capacity 39703K, committed 39884K, reserved 1083392K
  class space    used 4950K, capacity 5312K, committed 5324K, reserved 1048576K
}
Event: 26.569 GC heap after
{Heap after GC invocations=10 (full 0):
 garbage-first heap   total 129024K, used 26388K [0x0000000080000000, 0x0000000100000000)
  region size 1024K, 7 young (7168K), 7 survivors (7168K)
 Metaspace       used 38758K, capacity 39703K, committed 39884K, reserved 1083392K
  class space    used 4950K, capacity 5312K, committed 5324K, reserved 1048576K
}
Event: 28.864 GC heap before
{Heap before GC invocations=10 (full 0):
 garbage-first heap   total 129024K, used 75540K [0x0000000080000000, 0x0000000100000000)
  region size 1024K, 54 young (55296K), 7 survivors (7168K)
 Metaspace       used 43148K, capacity 44196K, committed 44364K, reserved 1087488K
  class space    used 5483K, capacity 5860K, committed 5964K, reserved 1048576K
}
Event: 28.878 GC heap after
{Heap after GC invocations=11 (full 0):
 garbage-first heap   total 129024K, used 28583K [0x0000000080000000, 0x0000000100000000)
  region size 1024K, 6 young (6144K), 6 survivors (6144K)
 Metaspace       used 43148K, capacity 44196K, committed 44364K, reserved 1087488K
  class space    used 5483K, capacity 5860K, committed 5964K, reserved 1048576K
}
Event: 31.389 GC heap before
{Heap before GC invocations=11 (full 0):
 garbage-first heap   total 129024K, used 78759K [0x0000000080000000, 0x0000000100000000)
  region size 1024K, 55 young (56320K), 6 survivors (6144K)
 Metaspace       used 46740K, capacity 47929K, committed 48076K, reserved 1091584K
  class space    used 6022K, capacity 6467K, committed 6604K, reserved 1048576K
}
Event: 31.410 GC heap after
{Heap after GC invocations=12 (full 0):
 garbage-first heap   total 129024K, used 30489K [0x0000000080000000, 0x0000000100000000)
  region size 1024K, 5 young (5120K), 5 survivors (5120K)
 Metaspace       used 46740K, capacity 47929K, committed 48076K, reserved 1091584K
  class space    used 6022K, capacity 6467K, committed 6604K, reserved 1048576K
}

